# JRE version: Java(TM) SE Runtime Environment (17.0.1+12) (build 17.0.1+12-LTS-39)
# Java VM: Java HotSpot(TM) 64-Bit Server VM (17.0.1+12-LTS-39, mixed mode, emulated-client, sharing, tiered, compressed oops, compressed class ptrs, g1 gc, windows-amd64)
GC Precious Log:
 CPUs: 8 total, 8 available
 Memory: 7993M
 Large Page Support: Disabled
 NUMA Support: Disabled
 Compressed Oops: Enabled (32-bit)
 Heap Region Size: 1M
 Heap Min Capacity: 8M
 Heap Initial Capacity: 126M
 Heap Max Capacity: 2000M
 Pre-touch: Disabled
 Parallel Workers: 8
 Concurrent Workers: 2
 Concurrent Refinement Workers: 8
 Periodic GC: Disabled
Heap:
 garbage-first heap   total 96256K, used 58605K [0x0000000083000000, 0x0000000100000000)
  region size 1024K, 47 young (48128K), 4 survivors (4096K)
 Metaspace       used 33595K, committed 33984K, reserved 1081344K
  class space    used 4414K, committed 4608K, reserved 1048576K
GC Heap History (18 events):
Event: 1.011 GC heap before
{Heap before GC invocations=0 (full 0):
 garbage-first heap   total 129024K, used 22528K [0x0000000083000000, 0x0000000100000000)
  region size 1024K, 23 young (23552K), 0 survivors (0K)
 Metaspace       used 6514K, committed 6720K, reserved 1056768K
  class space    used 748K, committed 896K, reserved 1048576K
}
Event: 1.017 GC heap after
{Heap after GC invocations=1 (full 0):
 garbage-first heap   total 129024K, used 6357K [0x0000000083000000, 0x0000000100000000)
  region size 1024K, 3 young (3072K), 3 survivors (3072K)
 Metaspace       used 6514K, committed 6720K, reserved 1056768K
  class space    used 748K, committed 896K, reserved 1048576K
}
Event: 1.348 GC heap before
{Heap before GC invocations=1 (full 0):
 garbage-first heap   total 129024K, used 30933K [0x0000000083000000, 0x0000000100000000)
  region size 1024K, 27 young (27648K), 3 survivors (3072K)
 Metaspace       used 9367K, committed 9664K, reserved 1064960K
  class space    used 1149K, committed 1280K, reserved 1048576K
}
Event: 1.353 GC heap after
{Heap after GC invocations=2 (full 0):
 garbage-first heap   total 129024K, used 8245K [0x0000000083000000, 0x0000000100000000)
  region size 1024K, 2 young (2048K), 2 survivors (2048K)
 Metaspace       used 9367K, committed 9664K, reserved 1064960K
  class space    used 1149K, committed 1280K, reserved 1048576K
}
Event: 1.940 GC heap before
{Heap before GC invocations=2 (full 0):
 garbage-first heap   total 129024K, used 81973K [0x0000000083000000, 0x0000000100000000)
  region size 1024K, 75 young (76800K), 2 survivors (2048K)
 Metaspace       used 16203K, committed 16512K, reserved 1064960K
  class space    used 2065K, committed 2176K, reserved 1048576K
}
Event: 1.944 GC heap after
{Heap after GC invocations=3 (full 0):
 garbage-first heap   total 129024K, used 9909K [0x0000000083000000, 0x0000000100000000)
  region size 1024K, 4 young (4096K), 4 survivors (4096K)
 Metaspace       used 16203K, committed 16512K, reserved 1064960K
  class space    used 2065K, committed 2176K, reserved 1048576K
}
Event: 3.001 GC heap before
{Heap before GC invocations=3 (full 0):
 garbage-first heap   total 129024K, used 81589K [0x0000000083000000, 0x0000000100000000)
  region size 1024K, 75 young (76800K), 4 survivors (4096K)
 Metaspace       used 21138K, committed 21504K, reserved 1073152K
  class space    used 2766K, committed 2944K, reserved 1048576K
}
Event: 3.012 GC heap after
{Heap after GC invocations=4 (full 0):
 garbage-first heap   total 129024K, used 11747K [0x0000000083000000, 0x0000000100000000)
  region size 1024K, 5 young (5120K), 5 survivors (5120K)
 Metaspace       used 21138K, committed 21504K, reserved 1073152K
  class space    used 2766K, committed 2944K, reserved 1048576K
}
Event: 3.021 GC heap before
{Heap before GC invocations=4 (full 0):
 garbage-first heap   total 129024K, used 11747K [0x0000000083000000, 0x0000000100000000)
  region size 1024K, 6 young (6144K), 5 survivors (5120K)
 Metaspace       used 21180K, committed 21504K, reserved 1073152K
  class space    used 2773K, committed 2944K, reserved 1048576K
}
Event: 3.030 GC heap after
{Heap after GC invocations=5 (full 0):
 garbage-first heap   total 129024K, used 12335K [0x0000000083000000, 0x0000000100000000)
  region size 1024K, 6 young (6144K), 6 survivors (6144K)
 Metaspace       used 21180K, committed 21504K, reserved 1073152K
  class space    used 2773K, committed 2944K, reserved 1048576K
}
Event: 4.128 GC heap before
{Heap before GC invocations=6 (full 0):
 garbage-first heap   total 48128K, used 34863K [0x0000000083000000, 0x0000000100000000)
  region size 1024K, 28 young (28672K), 6 survivors (6144K)
 Metaspace       used 23125K, committed 23424K, reserved 1073152K
  class space    used 3096K, committed 3200K, reserved 1048576K
}
Event: 4.164 GC heap after
{Heap after GC invocations=7 (full 0):
 garbage-first heap   total 48128K, used 13491K [0x0000000083000000, 0x0000000100000000)
  region size 1024K, 2 young (2048K), 2 survivors (2048K)
 Metaspace       used 23125K, committed 23424K, reserved 1073152K
  class space    used 3096K, committed 3200K, reserved 1048576K
}
Event: 4.181 GC heap before
{Heap before GC invocations=7 (full 0):
 garbage-first heap   total 48128K, used 13491K [0x0000000083000000, 0x0000000100000000)
  region size 1024K, 3 young (3072K), 2 survivors (2048K)
 Metaspace       used 23284K, committed 23552K, reserved 1073152K
  class space    used 3113K, committed 3264K, reserved 1048576K
}
Event: 4.195 GC heap after
{Heap after GC invocations=8 (full 0):
 garbage-first heap   total 48128K, used 13457K [0x0000000083000000, 0x0000000100000000)
  region size 1024K, 1 young (1024K), 1 survivors (1024K)
 Metaspace       used 23284K, committed 23552K, reserved 1073152K
  class space    used 3113K, committed 3264K, reserved 1048576K
}
Event: 4.721 GC heap before
{Heap before GC invocations=8 (full 0):
 garbage-first heap   total 48128K, used 33937K [0x0000000083000000, 0x0000000100000000)
  region size 1024K, 22 young (22528K), 1 survivors (1024K)
 Metaspace       used 24830K, committed 25216K, reserved 1073152K
  class space    used 3252K, committed 3456K, reserved 1048576K
}
Event: 4.730 GC heap after
{Heap after GC invocations=9 (full 0):
 garbage-first heap   total 96256K, used 13863K [0x0000000083000000, 0x0000000100000000)
  region size 1024K, 1 young (1024K), 1 survivors (1024K)
 Metaspace       used 24830K, committed 25216K, reserved 1073152K
  class space    used 3252K, committed 3456K, reserved 1048576K
}
Event: 6.287 GC heap before
{Heap before GC invocations=9 (full 0):
 garbage-first heap   total 96256K, used 70183K [0x0000000083000000, 0x0000000100000000)
  region size 1024K, 56 young (57344K), 1 survivors (1024K)
 Metaspace       used 29417K, committed 29760K, reserved 1081344K
  class space    used 3906K, committed 4032K, reserved 1048576K
}
Event: 6.292 GC heap after
{Heap after GC invocations=10 (full 0):
 garbage-first heap   total 96256K, used 16621K [0x0000000083000000, 0x0000000100000000)
  region size 1024K, 4 young (4096K), 4 survivors (4096K)
 Metaspace       used 29417K, committed 29760K, reserved 1081344K
  class space    used 3906K, committed 4032K, reserved 1048576K
}

