# JRE version: Java(TM) SE Runtime Environment (17.0.1+12) (build 17.0.1+12-LTS-39)
# Java VM: Java HotSpot(TM) 64-Bit Server VM (17.0.1+12-LTS-39, mixed mode, emulated-client, sharing, tiered, compressed oops, compressed class ptrs, g1 gc, windows-amd64)
GC Precious Log:
 CPUs: 8 total, 8 available
 Memory: 7993M
 Large Page Support: Disabled
 NUMA Support: Disabled
 Compressed Oops: Enabled (32-bit)
 Heap Region Size: 1M
 Heap Min Capacity: 8M
 Heap Initial Capacity: 126M
 Heap Max Capacity: 2000M
 Pre-touch: Disabled
 Parallel Workers: 8
 Concurrent Workers: 2
 Concurrent Refinement Workers: 8
 Periodic GC: Disabled
Heap:
 garbage-first heap   total 62464K, used 31336K [0x0000000083000000, 0x0000000100000000)
  region size 1024K, 13 young (13312K), 3 survivors (3072K)
 Metaspace       used 50465K, committed 50880K, reserved 1097728K
  class space    used 6499K, committed 6720K, reserved 1048576K
GC Heap History (20 events):
Event: 1.600 GC heap before
{Heap before GC invocations=6 (full 0):
 garbage-first heap   total 45056K, used 30381K [0x0000000083000000, 0x0000000100000000)
  region size 1024K, 24 young (24576K), 6 survivors (6144K)
 Metaspace       used 24731K, committed 25024K, reserved 1073152K
  class space    used 3234K, committed 3392K, reserved 1048576K
}
Event: 1.607 GC heap after
{Heap after GC invocations=7 (full 0):
 garbage-first heap   total 45056K, used 14024K [0x0000000083000000, 0x0000000100000000)
  region size 1024K, 3 young (3072K), 3 survivors (3072K)
 Metaspace       used 24731K, committed 25024K, reserved 1073152K
  class space    used 3234K, committed 3392K, reserved 1048576K
}
Event: 1.722 GC heap before
{Heap before GC invocations=7 (full 0):
 garbage-first heap   total 45056K, used 32456K [0x0000000083000000, 0x0000000100000000)
  region size 1024K, 21 young (21504K), 3 survivors (3072K)
 Metaspace       used 26102K, committed 26496K, reserved 1073152K
  class space    used 3417K, committed 3584K, reserved 1048576K
}
Event: 1.725 GC heap after
{Heap after GC invocations=8 (full 0):
 garbage-first heap   total 62464K, used 14783K [0x0000000083000000, 0x0000000100000000)
  region size 1024K, 2 young (2048K), 2 survivors (2048K)
 Metaspace       used 26102K, committed 26496K, reserved 1073152K
  class space    used 3417K, committed 3584K, reserved 1048576K
}
Event: 1.913 GC heap before
{Heap before GC invocations=8 (full 0):
 garbage-first heap   total 62464K, used 46527K [0x0000000083000000, 0x0000000100000000)
  region size 1024K, 33 young (33792K), 2 survivors (2048K)
 Metaspace       used 28752K, committed 29120K, reserved 1081344K
  class space    used 3784K, committed 3968K, reserved 1048576K
}
Event: 1.915 GC heap after
{Heap after GC invocations=9 (full 0):
 garbage-first heap   total 62464K, used 16016K [0x0000000083000000, 0x0000000100000000)
  region size 1024K, 3 young (3072K), 3 survivors (3072K)
 Metaspace       used 28752K, committed 29120K, reserved 1081344K
  class space    used 3784K, committed 3968K, reserved 1048576K
}
Event: 9.517 GC heap before
{Heap before GC invocations=9 (full 0):
 garbage-first heap   total 62464K, used 46736K [0x0000000083000000, 0x0000000100000000)
  region size 1024K, 34 young (34816K), 3 survivors (3072K)
 Metaspace       used 31842K, committed 32192K, reserved 1081344K
  class space    used 4199K, committed 4352K, reserved 1048576K
}
Event: 9.523 GC heap after
{Heap after GC invocations=10 (full 0):
 garbage-first heap   total 62464K, used 17344K [0x0000000083000000, 0x0000000100000000)
  region size 1024K, 4 young (4096K), 4 survivors (4096K)
 Metaspace       used 31842K, committed 32192K, reserved 1081344K
  class space    used 4199K, committed 4352K, reserved 1048576K
}
Event: 25.843 GC heap before
{Heap before GC invocations=10 (full 0):
 garbage-first heap   total 62464K, used 47040K [0x0000000083000000, 0x0000000100000000)
  region size 1024K, 34 young (34816K), 4 survivors (4096K)
 Metaspace       used 34828K, committed 35200K, reserved 1081344K
  class space    used 4582K, committed 4736K, reserved 1048576K
}
Event: 25.846 GC heap after
{Heap after GC invocations=11 (full 0):
 garbage-first heap   total 62464K, used 17841K [0x0000000083000000, 0x0000000100000000)
  region size 1024K, 2 young (2048K), 2 survivors (2048K)
 Metaspace       used 34828K, committed 35200K, reserved 1081344K
  class space    used 4582K, committed 4736K, reserved 1048576K
}
Event: 26.112 GC heap before
{Heap before GC invocations=11 (full 0):
 garbage-first heap   total 62464K, used 21937K [0x0000000083000000, 0x0000000100000000)
  region size 1024K, 7 young (7168K), 2 survivors (2048K)
 Metaspace       used 35623K, committed 35968K, reserved 1081344K
  class space    used 4667K, committed 4864K, reserved 1048576K
}
Event: 26.114 GC heap after
{Heap after GC invocations=12 (full 0):
 garbage-first heap   total 62464K, used 17841K [0x0000000083000000, 0x0000000100000000)
  region size 1024K, 2 young (2048K), 2 survivors (2048K)
 Metaspace       used 35623K, committed 35968K, reserved 1081344K
  class space    used 4667K, committed 4864K, reserved 1048576K
}
Event: 27.389 GC heap before
{Heap before GC invocations=13 (full 0):
 garbage-first heap   total 62464K, used 49585K [0x0000000083000000, 0x0000000100000000)
  region size 1024K, 34 young (34816K), 2 survivors (2048K)
 Metaspace       used 39713K, committed 40128K, reserved 1089536K
  class space    used 5189K, committed 5376K, reserved 1048576K
}
Event: 27.391 GC heap after
{Heap after GC invocations=14 (full 0):
 garbage-first heap   total 62464K, used 19607K [0x0000000083000000, 0x0000000100000000)
  region size 1024K, 4 young (4096K), 4 survivors (4096K)
 Metaspace       used 39713K, committed 40128K, reserved 1089536K
  class space    used 5189K, committed 5376K, reserved 1048576K
}
Event: 31.868 GC heap before
{Heap before GC invocations=14 (full 0):
 garbage-first heap   total 62464K, used 49303K [0x0000000083000000, 0x0000000100000000)
  region size 1024K, 33 young (33792K), 4 survivors (4096K)
 Metaspace       used 42790K, committed 43200K, reserved 1089536K
  class space    used 5560K, committed 5760K, reserved 1048576K
}
Event: 31.871 GC heap after
{Heap after GC invocations=15 (full 0):
 garbage-first heap   total 62464K, used 19923K [0x0000000083000000, 0x0000000100000000)
  region size 1024K, 3 young (3072K), 3 survivors (3072K)
 Metaspace       used 42790K, committed 43200K, reserved 1089536K
  class space    used 5560K, committed 5760K, reserved 1048576K
}
Event: 32.373 GC heap before
{Heap before GC invocations=15 (full 0):
 garbage-first heap   total 62464K, used 49619K [0x0000000083000000, 0x0000000100000000)
  region size 1024K, 33 young (33792K), 3 survivors (3072K)
 Metaspace       used 45737K, committed 46080K, reserved 1089536K
  class space    used 5927K, committed 6080K, reserved 1048576K
}
Event: 32.376 GC heap after
{Heap after GC invocations=16 (full 0):
 garbage-first heap   total 62464K, used 21110K [0x0000000083000000, 0x0000000100000000)
  region size 1024K, 4 young (4096K), 4 survivors (4096K)
 Metaspace       used 45737K, committed 46080K, reserved 1089536K
  class space    used 5927K, committed 6080K, reserved 1048576K
}
Event: 33.012 GC heap before
{Heap before GC invocations=16 (full 0):
 garbage-first heap   total 62464K, used 48758K [0x0000000083000000, 0x0000000100000000)
  region size 1024K, 32 young (32768K), 4 survivors (4096K)
 Metaspace       used 49696K, committed 50048K, reserved 1097728K
  class space    used 6420K, committed 6592K, reserved 1048576K
}
Event: 33.016 GC heap after
{Heap after GC invocations=17 (full 0):
 garbage-first heap   total 62464K, used 22120K [0x0000000083000000, 0x0000000100000000)
  region size 1024K, 3 young (3072K), 3 survivors (3072K)
 Metaspace       used 49696K, committed 50048K, reserved 1097728K
  class space    used 6420K, committed 6592K, reserved 1048576K
}

